<?xml version="1.0" encoding="UTF-8"?>
<!-- Generated by org.testng.reporters.JUnitReportReporter -->
<testsuite hostname="DESKTOP-2JV60F3" failures="0" tests="1" name="genericjavaUtilities.JavaUtilities" time="0.011" errors="0" timestamp="2021-11-24T12:55:28 IST" skipped="0">
  <testcase classname="genericjavaUtilities.JavaUtilities" name="getRandomNumber" time="0.011"/>
  <system-out/>
</testsuite> <!-- genericjavaUtilities.JavaUtilities -->
