<?xml version="1.0" encoding="UTF-8"?>
<!-- Generated by org.testng.reporters.JUnitReportReporter -->
<testsuite hostname="DESKTOP-2JV60F3" failures="0" tests="5" name="crm.DataProviderDemoTest" time="0.034" errors="0" timestamp="2021-11-26T11:54:36 IST" skipped="0">
  <testcase classname="crm.DataProviderDemoTest" name="ticketBooking" time="0.003"/>
  <system-out/>
  <testcase classname="crm.DataProviderDemoTest" name="ticketBooking" time="0.005"/>
  <system-out/>
  <testcase classname="crm.DataProviderDemoTest" name="ticketBooking" time="0.007"/>
  <system-out/>
  <testcase classname="crm.DataProviderDemoTest" name="ticketBooking" time="0.014"/>
  <system-out/>
  <testcase classname="crm.DataProviderDemoTest" name="ticketBooking" time="0.005"/>
  <system-out/>
</testsuite> <!-- crm.DataProviderDemoTest -->
