<?xml version="1.0" encoding="UTF-8"?>
<!-- Generated by org.testng.reporters.JUnitReportReporter -->
<testsuite skipped="0" hostname="DESKTOP-2JV60F3" name="com.crm.vtiger.CreateOrgTest" tests="1" failures="0" timestamp="2021-12-15T13:19:25 IST" time="32.109" errors="0">
  <testcase name="createOrg" time="32.109" classname="com.crm.vtiger.CreateOrgTest"/>
  <system-out/>
</testsuite> <!-- com.crm.vtiger.CreateOrgTest -->
