<?xml version="1.0" encoding="UTF-8"?>
<!-- Generated by org.testng.reporters.JUnitReportReporter -->
<testsuite hostname="DESKTOP-2JV60F3" failures="0" tests="3" name="testng.DemoTestng" time="0.017" errors="0" timestamp="2021-11-29T13:13:43 IST" skipped="0">
  <testcase classname="testng.DemoTestng" name="createOrgWithIndustry" time="0.003"/>
  <system-out/>
  <testcase classname="testng.DemoTestng" name="createOrg" time="0.008"/>
  <system-out/>
  <testcase classname="testng.DemoTestng" name="createOrgWithRating" time="0.006"/>
  <system-out/>
</testsuite> <!-- testng.DemoTestng -->
