<?xml version="1.0" encoding="UTF-8"?>
<!-- Generated by org.testng.reporters.JUnitReportReporter -->
<testsuite hostname="DESKTOP-2JV60F3" failures="0" tests="1" name="fileutilitytest.ListenerClass" time="18.828" errors="0" timestamp="2021-12-08T12:41:44 IST" skipped="0">
  <testcase classname="fileutilitytest.ListenerClass" name="verifyVtigerurl" time="18.828"/>
  <system-out/>
</testsuite> <!-- fileutilitytest.ListenerClass -->
